0000              1   ;--------------------------------------------------------
0000              2   ; File Created by C51
0000              3   ; Version 1.0.0 #1170 (Feb 16 2022) (MSVC)
0000              4   ; This file was generated Wed Feb 28 21:24:42 2024
0000              5   ;--------------------------------------------------------
                  5   $name lab4
                  6   $optc51 --model-small
                  7   $printf_float
0000              9            R_DSEG    segment data
0000             10            R_CSEG    segment code
0000             11            R_BSEG    segment bit
0000             12            R_XSEG    segment xdata
0000             13            R_PSEG    segment xdata
0000             14            R_ISEG    segment idata
0000             15            R_OSEG    segment data overlay
0000             16            BIT_BANK  segment data overlay
0000             17            R_HOME    segment code
0000             18            R_GSINIT  segment code
0000             19            R_IXSEG   segment xdata
0000             20            R_CONST   segment code
0000             21            R_XINIT   segment code
0000             22            R_DINIT   segment code
0000             23   
0000             24   ;--------------------------------------------------------
0000             25   ; Public variables in this module
0000             26   ;--------------------------------------------------------
0000             27            public _main
0000             28            public _getsn
0000             29            public _LCDprint
0000             30            public _LCD_4BIT
0000             31            public _WriteCommand
0000             32            public _WriteData
0000             33            public _LCD_byte
0000             34            public _LCD_pulse
0000             35            public _TIMER0_Init
0000             36            public _waitms
0000             37            public _Timer3us
0000             38            public __c51_external_startup
0000             39            public _LCDprint_PARM_3
0000             40            public _getsn_PARM_2
0000             41            public _LCDprint_PARM_2
0000             42            public _overflow_count
0000             43   ;--------------------------------------------------------
0000             44   ; Special Function Registers
0000             45   ;--------------------------------------------------------
0000             46   _ACC            DATA 0xe0
0000             47   _ADC0ASAH       DATA 0xb6
0000             48   _ADC0ASAL       DATA 0xb5
0000             49   _ADC0ASCF       DATA 0xa1
0000             50   _ADC0ASCT       DATA 0xc7
0000             51   _ADC0CF0        DATA 0xbc
0000             52   _ADC0CF1        DATA 0xb9
0000             53   _ADC0CF2        DATA 0xdf
0000             54   _ADC0CN0        DATA 0xe8
0000             55   _ADC0CN1        DATA 0xb2
0000             56   _ADC0CN2        DATA 0xb3
0000             57   _ADC0GTH        DATA 0xc4
0000             58   _ADC0GTL        DATA 0xc3
0000             59   _ADC0H          DATA 0xbe
0000             60   _ADC0L          DATA 0xbd
0000             61   _ADC0LTH        DATA 0xc6
0000             62   _ADC0LTL        DATA 0xc5
0000             63   _ADC0MX         DATA 0xbb
0000             64   _B              DATA 0xf0
0000             65   _CKCON0         DATA 0x8e
0000             66   _CKCON1         DATA 0xa6
0000             67   _CLEN0          DATA 0xc6
0000             68   _CLIE0          DATA 0xc7
0000             69   _CLIF0          DATA 0xe8
0000             70   _CLKSEL         DATA 0xa9
0000             71   _CLOUT0         DATA 0xd1
0000             72   _CLU0CF         DATA 0xb1
0000             73   _CLU0FN         DATA 0xaf
0000             74   _CLU0MX         DATA 0x84
0000             75   _CLU1CF         DATA 0xb3
0000             76   _CLU1FN         DATA 0xb2
0000             77   _CLU1MX         DATA 0x85
0000             78   _CLU2CF         DATA 0xb6
0000             79   _CLU2FN         DATA 0xb5
0000             80   _CLU2MX         DATA 0x91
0000             81   _CLU3CF         DATA 0xbf
0000             82   _CLU3FN         DATA 0xbe
0000             83   _CLU3MX         DATA 0xae
0000             84   _CMP0CN0        DATA 0x9b
0000             85   _CMP0CN1        DATA 0x99
0000             86   _CMP0MD         DATA 0x9d
0000             87   _CMP0MX         DATA 0x9f
0000             88   _CMP1CN0        DATA 0xbf
0000             89   _CMP1CN1        DATA 0xac
0000             90   _CMP1MD         DATA 0xab
0000             91   _CMP1MX         DATA 0xaa
0000             92   _CRC0CN0        DATA 0xce
0000             93   _CRC0CN1        DATA 0x86
0000             94   _CRC0CNT        DATA 0xd3
0000             95   _CRC0DAT        DATA 0xcb
0000             96   _CRC0FLIP       DATA 0xcf
0000             97   _CRC0IN         DATA 0xca
0000             98   _CRC0ST         DATA 0xd2
0000             99   _DAC0CF0        DATA 0x91
0000            100   _DAC0CF1        DATA 0x92
0000            101   _DAC0H          DATA 0x85
0000            102   _DAC0L          DATA 0x84
0000            103   _DAC1CF0        DATA 0x93
0000            104   _DAC1CF1        DATA 0x94
0000            105   _DAC1H          DATA 0x8a
0000            106   _DAC1L          DATA 0x89
0000            107   _DAC2CF0        DATA 0x95
0000            108   _DAC2CF1        DATA 0x96
0000            109   _DAC2H          DATA 0x8c
0000            110   _DAC2L          DATA 0x8b
0000            111   _DAC3CF0        DATA 0x9a
0000            112   _DAC3CF1        DATA 0x9c
0000            113   _DAC3H          DATA 0x8e
0000            114   _DAC3L          DATA 0x8d
0000            115   _DACGCF0        DATA 0x88
0000            116   _DACGCF1        DATA 0x98
0000            117   _DACGCF2        DATA 0xa2
0000            118   _DERIVID        DATA 0xad
0000            119   _DEVICEID       DATA 0xb5
0000            120   _DPH            DATA 0x83
0000            121   _DPL            DATA 0x82
0000            122   _EIE1           DATA 0xe6
0000            123   _EIE2           DATA 0xf3
0000            124   _EIP1           DATA 0xbb
0000            125   _EIP1H          DATA 0xee
0000            126   _EIP2           DATA 0xed
0000            127   _EIP2H          DATA 0xf6
0000            128   _EMI0CN         DATA 0xe7
0000            129   _FLKEY          DATA 0xb7
0000            130   _HFO0CAL        DATA 0xc7
0000            131   _HFO1CAL        DATA 0xd6
0000            132   _HFOCN          DATA 0xef
0000            133   _I2C0ADM        DATA 0xff
0000            134   _I2C0CN0        DATA 0xba
0000            135   _I2C0DIN        DATA 0xbc
0000            136   _I2C0DOUT       DATA 0xbb
0000            137   _I2C0FCN0       DATA 0xad
0000            138   _I2C0FCN1       DATA 0xab
0000            139   _I2C0FCT        DATA 0xf5
0000            140   _I2C0SLAD       DATA 0xbd
0000            141   _I2C0STAT       DATA 0xb9
0000            142   _IE             DATA 0xa8
0000            143   _IP             DATA 0xb8
0000            144   _IPH            DATA 0xf2
0000            145   _IT01CF         DATA 0xe4
0000            146   _LFO0CN         DATA 0xb1
0000            147   _P0             DATA 0x80
0000            148   _P0MASK         DATA 0xfe
0000            149   _P0MAT          DATA 0xfd
0000            150   _P0MDIN         DATA 0xf1
0000            151   _P0MDOUT        DATA 0xa4
0000            152   _P0SKIP         DATA 0xd4
0000            153   _P1             DATA 0x90
0000            154   _P1MASK         DATA 0xee
0000            155   _P1MAT          DATA 0xed
0000            156   _P1MDIN         DATA 0xf2
0000            157   _P1MDOUT        DATA 0xa5
0000            158   _P1SKIP         DATA 0xd5
0000            159   _P2             DATA 0xa0
0000            160   _P2MASK         DATA 0xfc
0000            161   _P2MAT          DATA 0xfb
0000            162   _P2MDIN         DATA 0xf3
0000            163   _P2MDOUT        DATA 0xa6
0000            164   _P2SKIP         DATA 0xcc
0000            165   _P3             DATA 0xb0
0000            166   _P3MDIN         DATA 0xf4
0000            167   _P3MDOUT        DATA 0x9c
0000            168   _PCA0CENT       DATA 0x9e
0000            169   _PCA0CLR        DATA 0x9c
0000            170   _PCA0CN0        DATA 0xd8
0000            171   _PCA0CPH0       DATA 0xfc
0000            172   _PCA0CPH1       DATA 0xea
0000            173   _PCA0CPH2       DATA 0xec
0000            174   _PCA0CPH3       DATA 0xf5
0000            175   _PCA0CPH4       DATA 0x85
0000            176   _PCA0CPH5       DATA 0xde
0000            177   _PCA0CPL0       DATA 0xfb
0000            178   _PCA0CPL1       DATA 0xe9
0000            179   _PCA0CPL2       DATA 0xeb
0000            180   _PCA0CPL3       DATA 0xf4
0000            181   _PCA0CPL4       DATA 0x84
0000            182   _PCA0CPL5       DATA 0xdd
0000            183   _PCA0CPM0       DATA 0xda
0000            184   _PCA0CPM1       DATA 0xdb
0000            185   _PCA0CPM2       DATA 0xdc
0000            186   _PCA0CPM3       DATA 0xae
0000            187   _PCA0CPM4       DATA 0xaf
0000            188   _PCA0CPM5       DATA 0xcc
0000            189   _PCA0H          DATA 0xfa
0000            190   _PCA0L          DATA 0xf9
0000            191   _PCA0MD         DATA 0xd9
0000            192   _PCA0POL        DATA 0x96
0000            193   _PCA0PWM        DATA 0xf7
0000            194   _PCON0          DATA 0x87
0000            195   _PCON1          DATA 0xcd
0000            196   _PFE0CN         DATA 0xc1
0000            197   _PRTDRV         DATA 0xf6
0000            198   _PSCTL          DATA 0x8f
0000            199   _PSTAT0         DATA 0xaa
0000            200   _PSW            DATA 0xd0
0000            201   _REF0CN         DATA 0xd1
0000            202   _REG0CN         DATA 0xc9
0000            203   _REVID          DATA 0xb6
0000            204   _RSTSRC         DATA 0xef
0000            205   _SBCON1         DATA 0x94
0000            206   _SBRLH1         DATA 0x96
0000            207   _SBRLL1         DATA 0x95
0000            208   _SBUF           DATA 0x99
0000            209   _SBUF0          DATA 0x99
0000            210   _SBUF1          DATA 0x92
0000            211   _SCON           DATA 0x98
0000            212   _SCON0          DATA 0x98
0000            213   _SCON1          DATA 0xc8
0000            214   _SFRPAGE        DATA 0xa7
0000            215   _SFRPGCN        DATA 0xbc
0000            216   _SFRSTACK       DATA 0xd7
0000            217   _SMB0ADM        DATA 0xd6
0000            218   _SMB0ADR        DATA 0xd7
0000            219   _SMB0CF         DATA 0xc1
0000            220   _SMB0CN0        DATA 0xc0
0000            221   _SMB0DAT        DATA 0xc2
0000            222   _SMB0FCN0       DATA 0xc3
0000            223   _SMB0FCN1       DATA 0xc4
0000            224   _SMB0FCT        DATA 0xef
0000            225   _SMB0RXLN       DATA 0xc5
0000            226   _SMB0TC         DATA 0xac
0000            227   _SMOD1          DATA 0x93
0000            228   _SP             DATA 0x81
0000            229   _SPI0CFG        DATA 0xa1
0000            230   _SPI0CKR        DATA 0xa2
0000            231   _SPI0CN0        DATA 0xf8
0000            232   _SPI0DAT        DATA 0xa3
0000            233   _SPI0FCN0       DATA 0x9a
0000            234   _SPI0FCN1       DATA 0x9b
0000            235   _SPI0FCT        DATA 0xf7
0000            236   _SPI0PCF        DATA 0xdf
0000            237   _TCON           DATA 0x88
0000            238   _TH0            DATA 0x8c
0000            239   _TH1            DATA 0x8d
0000            240   _TL0            DATA 0x8a
0000            241   _TL1            DATA 0x8b
0000            242   _TMOD           DATA 0x89
0000            243   _TMR2CN0        DATA 0xc8
0000            244   _TMR2CN1        DATA 0xfd
0000            245   _TMR2H          DATA 0xcf
0000            246   _TMR2L          DATA 0xce
0000            247   _TMR2RLH        DATA 0xcb
0000            248   _TMR2RLL        DATA 0xca
0000            249   _TMR3CN0        DATA 0x91
0000            250   _TMR3CN1        DATA 0xfe
0000            251   _TMR3H          DATA 0x95
0000            252   _TMR3L          DATA 0x94
0000            253   _TMR3RLH        DATA 0x93
0000            254   _TMR3RLL        DATA 0x92
0000            255   _TMR4CN0        DATA 0x98
0000            256   _TMR4CN1        DATA 0xff
0000            257   _TMR4H          DATA 0xa5
0000            258   _TMR4L          DATA 0xa4
0000            259   _TMR4RLH        DATA 0xa3
0000            260   _TMR4RLL        DATA 0xa2
0000            261   _TMR5CN0        DATA 0xc0
0000            262   _TMR5CN1        DATA 0xf1
0000            263   _TMR5H          DATA 0xd5
0000            264   _TMR5L          DATA 0xd4
0000            265   _TMR5RLH        DATA 0xd3
0000            266   _TMR5RLL        DATA 0xd2
0000            267   _UART0PCF       DATA 0xd9
0000            268   _UART1FCN0      DATA 0x9d
0000            269   _UART1FCN1      DATA 0xd8
0000            270   _UART1FCT       DATA 0xfa
0000            271   _UART1LIN       DATA 0x9e
0000            272   _UART1PCF       DATA 0xda
0000            273   _VDM0CN         DATA 0xff
0000            274   _WDTCN          DATA 0x97
0000            275   _XBR0           DATA 0xe1
0000            276   _XBR1           DATA 0xe2
0000            277   _XBR2           DATA 0xe3
0000            278   _XOSC0CN        DATA 0x86
0000            279   _DPTR           DATA 0x8382
0000            280   _TMR2RL         DATA 0xcbca
0000            281   _TMR3RL         DATA 0x9392
0000            282   _TMR4RL         DATA 0xa3a2
0000            283   _TMR5RL         DATA 0xd3d2
0000            284   _TMR0           DATA 0x8c8a
0000            285   _TMR1           DATA 0x8d8b
0000            286   _TMR2           DATA 0xcfce
0000            287   _TMR3           DATA 0x9594
0000            288   _TMR4           DATA 0xa5a4
0000            289   _TMR5           DATA 0xd5d4
0000            290   _SBRL1          DATA 0x9695
0000            291   _PCA0           DATA 0xfaf9
0000            292   _PCA0CP0        DATA 0xfcfb
0000            293   _PCA0CP1        DATA 0xeae9
0000            294   _PCA0CP2        DATA 0xeceb
0000            295   _PCA0CP3        DATA 0xf5f4
0000            296   _PCA0CP4        DATA 0x8584
0000            297   _PCA0CP5        DATA 0xdedd
0000            298   _ADC0ASA        DATA 0xb6b5
0000            299   _ADC0GT         DATA 0xc4c3
0000            300   _ADC0           DATA 0xbebd
0000            301   _ADC0LT         DATA 0xc6c5
0000            302   _DAC0           DATA 0x8584
0000            303   _DAC1           DATA 0x8a89
0000            304   _DAC2           DATA 0x8c8b
0000            305   _DAC3           DATA 0x8e8d
0000            306   ;--------------------------------------------------------
0000            307   ; special function bits
0000            308   ;--------------------------------------------------------
0000            309   _ACC_0          BIT 0xe0
0000            310   _ACC_1          BIT 0xe1
0000            311   _ACC_2          BIT 0xe2
0000            312   _ACC_3          BIT 0xe3
0000            313   _ACC_4          BIT 0xe4
0000            314   _ACC_5          BIT 0xe5
0000            315   _ACC_6          BIT 0xe6
0000            316   _ACC_7          BIT 0xe7
0000            317   _TEMPE          BIT 0xe8
0000            318   _ADGN0          BIT 0xe9
0000            319   _ADGN1          BIT 0xea
0000            320   _ADWINT         BIT 0xeb
0000            321   _ADBUSY         BIT 0xec
0000            322   _ADINT          BIT 0xed
0000            323   _IPOEN          BIT 0xee
0000            324   _ADEN           BIT 0xef
0000            325   _B_0            BIT 0xf0
0000            326   _B_1            BIT 0xf1
0000            327   _B_2            BIT 0xf2
0000            328   _B_3            BIT 0xf3
0000            329   _B_4            BIT 0xf4
0000            330   _B_5            BIT 0xf5
0000            331   _B_6            BIT 0xf6
0000            332   _B_7            BIT 0xf7
0000            333   _C0FIF          BIT 0xe8
0000            334   _C0RIF          BIT 0xe9
0000            335   _C1FIF          BIT 0xea
0000            336   _C1RIF          BIT 0xeb
0000            337   _C2FIF          BIT 0xec
0000            338   _C2RIF          BIT 0xed
0000            339   _C3FIF          BIT 0xee
0000            340   _C3RIF          BIT 0xef
0000            341   _D1SRC0         BIT 0x88
0000            342   _D1SRC1         BIT 0x89
0000            343   _D1AMEN         BIT 0x8a
0000            344   _D01REFSL       BIT 0x8b
0000            345   _D3SRC0         BIT 0x8c
0000            346   _D3SRC1         BIT 0x8d
0000            347   _D3AMEN         BIT 0x8e
0000            348   _D23REFSL       BIT 0x8f
0000            349   _D0UDIS         BIT 0x98
0000            350   _D1UDIS         BIT 0x99
0000            351   _D2UDIS         BIT 0x9a
0000            352   _D3UDIS         BIT 0x9b
0000            353   _EX0            BIT 0xa8
0000            354   _ET0            BIT 0xa9
0000            355   _EX1            BIT 0xaa
0000            356   _ET1            BIT 0xab
0000            357   _ES0            BIT 0xac
0000            358   _ET2            BIT 0xad
0000            359   _ESPI0          BIT 0xae
0000            360   _EA             BIT 0xaf
0000            361   _PX0            BIT 0xb8
0000            362   _PT0            BIT 0xb9
0000            363   _PX1            BIT 0xba
0000            364   _PT1            BIT 0xbb
0000            365   _PS0            BIT 0xbc
0000            366   _PT2            BIT 0xbd
0000            367   _PSPI0          BIT 0xbe
0000            368   _P0_0           BIT 0x80
0000            369   _P0_1           BIT 0x81
0000            370   _P0_2           BIT 0x82
0000            371   _P0_3           BIT 0x83
0000            372   _P0_4           BIT 0x84
0000            373   _P0_5           BIT 0x85
0000            374   _P0_6           BIT 0x86
0000            375   _P0_7           BIT 0x87
0000            376   _P1_0           BIT 0x90
0000            377   _P1_1           BIT 0x91
0000            378   _P1_2           BIT 0x92
0000            379   _P1_3           BIT 0x93
0000            380   _P1_4           BIT 0x94
0000            381   _P1_5           BIT 0x95
0000            382   _P1_6           BIT 0x96
0000            383   _P1_7           BIT 0x97
0000            384   _P2_0           BIT 0xa0
0000            385   _P2_1           BIT 0xa1
0000            386   _P2_2           BIT 0xa2
0000            387   _P2_3           BIT 0xa3
0000            388   _P2_4           BIT 0xa4
0000            389   _P2_5           BIT 0xa5
0000            390   _P2_6           BIT 0xa6
0000            391   _P3_0           BIT 0xb0
0000            392   _P3_1           BIT 0xb1
0000            393   _P3_2           BIT 0xb2
0000            394   _P3_3           BIT 0xb3
0000            395   _P3_4           BIT 0xb4
0000            396   _P3_7           BIT 0xb7
0000            397   _CCF0           BIT 0xd8
0000            398   _CCF1           BIT 0xd9
0000            399   _CCF2           BIT 0xda
0000            400   _CCF3           BIT 0xdb
0000            401   _CCF4           BIT 0xdc
0000            402   _CCF5           BIT 0xdd
0000            403   _CR             BIT 0xde
0000            404   _CF             BIT 0xdf
0000            405   _PARITY         BIT 0xd0
0000            406   _F1             BIT 0xd1
0000            407   _OV             BIT 0xd2
0000            408   _RS0            BIT 0xd3
0000            409   _RS1            BIT 0xd4
0000            410   _F0             BIT 0xd5
0000            411   _AC             BIT 0xd6
0000            412   _CY             BIT 0xd7
0000            413   _RI             BIT 0x98
0000            414   _TI             BIT 0x99
0000            415   _RB8            BIT 0x9a
0000            416   _TB8            BIT 0x9b
0000            417   _REN            BIT 0x9c
0000            418   _CE             BIT 0x9d
0000            419   _SMODE          BIT 0x9e
0000            420   _RI1            BIT 0xc8
0000            421   _TI1            BIT 0xc9
0000            422   _RBX1           BIT 0xca
0000            423   _TBX1           BIT 0xcb
0000            424   _REN1           BIT 0xcc
0000            425   _PERR1          BIT 0xcd
0000            426   _OVR1           BIT 0xce
0000            427   _SI             BIT 0xc0
0000            428   _ACK            BIT 0xc1
0000            429   _ARBLOST        BIT 0xc2
0000            430   _ACKRQ          BIT 0xc3
0000            431   _STO            BIT 0xc4
0000            432   _STA            BIT 0xc5
0000            433   _TXMODE         BIT 0xc6
0000            434   _MASTER         BIT 0xc7
0000            435   _SPIEN          BIT 0xf8
0000            436   _TXNF           BIT 0xf9
0000            437   _NSSMD0         BIT 0xfa
0000            438   _NSSMD1         BIT 0xfb
0000            439   _RXOVRN         BIT 0xfc
0000            440   _MODF           BIT 0xfd
0000            441   _WCOL           BIT 0xfe
0000            442   _SPIF           BIT 0xff
0000            443   _IT0            BIT 0x88
0000            444   _IE0            BIT 0x89
0000            445   _IT1            BIT 0x8a
0000            446   _IE1            BIT 0x8b
0000            447   _TR0            BIT 0x8c
0000            448   _TF0            BIT 0x8d
0000            449   _TR1            BIT 0x8e
0000            450   _TF1            BIT 0x8f
0000            451   _T2XCLK0        BIT 0xc8
0000            452   _T2XCLK1        BIT 0xc9
0000            453   _TR2            BIT 0xca
0000            454   _T2SPLIT        BIT 0xcb
0000            455   _TF2CEN         BIT 0xcc
0000            456   _TF2LEN         BIT 0xcd
0000            457   _TF2L           BIT 0xce
0000            458   _TF2H           BIT 0xcf
0000            459   _T4XCLK0        BIT 0x98
0000            460   _T4XCLK1        BIT 0x99
0000            461   _TR4            BIT 0x9a
0000            462   _T4SPLIT        BIT 0x9b
0000            463   _TF4CEN         BIT 0x9c
0000            464   _TF4LEN         BIT 0x9d
0000            465   _TF4L           BIT 0x9e
0000            466   _TF4H           BIT 0x9f
0000            467   _T5XCLK0        BIT 0xc0
0000            468   _T5XCLK1        BIT 0xc1
0000            469   _TR5            BIT 0xc2
0000            470   _T5SPLIT        BIT 0xc3
0000            471   _TF5CEN         BIT 0xc4
0000            472   _TF5LEN         BIT 0xc5
0000            473   _TF5L           BIT 0xc6
0000            474   _TF5H           BIT 0xc7
0000            475   _RIE            BIT 0xd8
0000            476   _RXTO0          BIT 0xd9
0000            477   _RXTO1          BIT 0xda
0000            478   _RFRQ           BIT 0xdb
0000            479   _TIE            BIT 0xdc
0000            480   _TXHOLD         BIT 0xdd
0000            481   _TXNF1          BIT 0xde
0000            482   _TFRQ           BIT 0xdf
0000            483   ;--------------------------------------------------------
0000            484   ; overlayable register banks
0000            485   ;--------------------------------------------------------
0000            486            rbank0 segment data overlay
0000            487   ;--------------------------------------------------------
0000            488   ; internal ram data
0000            489   ;--------------------------------------------------------
0000            490            rseg R_DSEG
0000            491   _overflow_count:
0000            492            ds 1
0001            493   _LCDprint_PARM_2:
0001            494            ds 1
0002            495   _getsn_PARM_2:
0002            496            ds 2
0004            497   _getsn_buff_1_45:
0004            498            ds 3
0007            499   _getsn_sloc0_1_0:
0007            500            ds 2
0009            501   _main_buff_1_51:
0009            502            ds 17
001A            503   ;--------------------------------------------------------
001A            504   ; overlayable items in internal ram 
001A            505   ;--------------------------------------------------------
0000            506            rseg    R_OSEG
0000            507   ;--------------------------------------------------------
0000            508   ; indirectly addressable internal ram data
0000            509   ;--------------------------------------------------------
0000            510            rseg R_ISEG
0000            511   ;--------------------------------------------------------
0000            512   ; absolute internal ram data
0000            513   ;--------------------------------------------------------
0000            514            DSEG
0000            515   ;--------------------------------------------------------
0000            516   ; bit data
0000            517   ;--------------------------------------------------------
0000            518            rseg R_BSEG
0000            519   _LCDprint_PARM_3:
0000            520            DBIT    1
0001            521   ;--------------------------------------------------------
0001            522   ; paged external ram data
0001            523   ;--------------------------------------------------------
0000            524            rseg R_PSEG
0000            525   ;--------------------------------------------------------
0000            526   ; external ram data
0000            527   ;--------------------------------------------------------
0000            528            rseg R_XSEG
0000            529   ;--------------------------------------------------------
0000            530   ; absolute external ram data
0000            531   ;--------------------------------------------------------
0000            532            XSEG
0000            533   ;--------------------------------------------------------
0000            534   ; external initialized ram data
0000            535   ;--------------------------------------------------------
0000            536            rseg R_IXSEG
0000            537            rseg R_HOME
0000            538            rseg R_GSINIT
0000            539            rseg R_CSEG
0000            540   ;--------------------------------------------------------
0000            541   ; Reset entry point and interrupt vectors
0000            542   ;--------------------------------------------------------
0000            543            CSEG at 0x0000
0000 020000     544            ljmp    _crt0
0003            545   ;--------------------------------------------------------
0003            546   ; global & static initialisations
0003            547   ;--------------------------------------------------------
0000            548            rseg R_HOME
0000            549            rseg R_GSINIT
0000            550            rseg R_GSINIT
0000            551   ;--------------------------------------------------------
0000            552   ; data variables initialization
0000            553   ;--------------------------------------------------------
0000            554            rseg R_DINIT
0000            555            ; The linker places a 'ret' at the end of segment R_DINIT.
0000            556   ;--------------------------------------------------------
0000            557   ; code
0000            558   ;--------------------------------------------------------
0000            559            rseg R_CSEG
0000            560   ;------------------------------------------------------------
0000            561   ;Allocation info for local variables in function '_c51_external_startup'
0000            562   ;------------------------------------------------------------
0000            563   ;------------------------------------------------------------
0000            564   ;        C:\Users\29778\OneDrive\Desktop\second_year\ELEC 291\lab4\elec_291_lab4\lab4.c:25: char _c51_external_startup (void)
0000            565   ;        -----------------------------------------
0000            566   ;         function _c51_external_startup
0000            567   ;        -----------------------------------------
0000            568   __c51_external_startup:
0000            569            using   0
0000            570   ;        C:\Users\29778\OneDrive\Desktop\second_year\ELEC 291\lab4\elec_291_lab4\lab4.c:28: SFRPAGE = 0x00;
0000 75A700     571            mov     _SFRPAGE,#0x00
0003            572   ;        C:\Users\29778\OneDrive\Desktop\second_year\ELEC 291\lab4\elec_291_lab4\lab4.c:29: WDTCN = 0xDE; //First key
0003 7597DE     573            mov     _WDTCN,#0xDE
0006            574   ;        C:\Users\29778\OneDrive\Desktop\second_year\ELEC 291\lab4\elec_291_lab4\lab4.c:30: WDTCN = 0xAD; //Second key
0006 7597AD     575            mov     _WDTCN,#0xAD
0009            576   ;        C:\Users\29778\OneDrive\Desktop\second_year\ELEC 291\lab4\elec_291_lab4\lab4.c:40: SFRPAGE = 0x10;
0009 75A710     577            mov     _SFRPAGE,#0x10
000C            578   ;        C:\Users\29778\OneDrive\Desktop\second_year\ELEC 291\lab4\elec_291_lab4\lab4.c:41: PFE0CN  = 0x20; // SYSCLK < 75 MHz.
000C 75C120     579            mov     _PFE0CN,#0x20
000F            580   ;        C:\Users\29778\OneDrive\Desktop\second_year\ELEC 291\lab4\elec_291_lab4\lab4.c:42: SFRPAGE = 0x00;
000F 75A700     581            mov     _SFRPAGE,#0x00
0012            582   ;        C:\Users\29778\OneDrive\Desktop\second_year\ELEC 291\lab4\elec_291_lab4\lab4.c:63: CLKSEL = 0x00;
0012 75A900     583            mov     _CLKSEL,#0x00
0015            584   ;        C:\Users\29778\OneDrive\Desktop\second_year\ELEC 291\lab4\elec_291_lab4\lab4.c:64: CLKSEL = 0x00;
0015 75A900     585            mov     _CLKSEL,#0x00
0018            586   ;        C:\Users\29778\OneDrive\Desktop\second_year\ELEC 291\lab4\elec_291_lab4\lab4.c:65: while ((CLKSEL & 0x80) == 0);
0018            587   L002001?:
0018 E5A9       588            mov     a,_CLKSEL
001A 30E720     589            jnb     acc.7,L002001?
001D            590   ;        C:\Users\29778\OneDrive\Desktop\second_year\ELEC 291\lab4\elec_291_lab4\lab4.c:66: CLKSEL = 0x03;
001D 75A903     591            mov     _CLKSEL,#0x03
0020            592   ;        C:\Users\29778\OneDrive\Desktop\second_year\ELEC 291\lab4\elec_291_lab4\lab4.c:67: CLKSEL = 0x03;
0020 75A903     593            mov     _CLKSEL,#0x03
0023            594   ;        C:\Users\29778\OneDrive\Desktop\second_year\ELEC 291\lab4\elec_291_lab4\lab4.c:68: while ((CLKSEL & 0x80) == 0);
0023            595   L002004?:
0023 E5A9       596            mov     a,_CLKSEL
0025 30E7A0     597            jnb     acc.7,L002004?
0028            598   ;        C:\Users\29778\OneDrive\Desktop\second_year\ELEC 291\lab4\elec_291_lab4\lab4.c:73: P0MDOUT |= 0x10; // Enable UART0 TX as push-pull output
0028 43A410     599            orl     _P0MDOUT,#0x10
002B            600   ;        C:\Users\29778\OneDrive\Desktop\second_year\ELEC 291\lab4\elec_291_lab4\lab4.c:74: XBR0     = 0x01; // Enable UART0 on P0.4(TX) and P0.5(RX)                     
002B 75E101     601            mov     _XBR0,#0x01
002E            602   ;        C:\Users\29778\OneDrive\Desktop\second_year\ELEC 291\lab4\elec_291_lab4\lab4.c:75: XBR1     = 0X00;
002E 75E200     603            mov     _XBR1,#0x00
0031            604   ;        C:\Users\29778\OneDrive\Desktop\second_year\ELEC 291\lab4\elec_291_lab4\lab4.c:76: XBR2     = 0x40; // Enable crossbar and weak pull-ups
0031 75E340     605            mov     _XBR2,#0x40
0034            606   ;        C:\Users\29778\OneDrive\Desktop\second_year\ELEC 291\lab4\elec_291_lab4\lab4.c:82: SCON0 = 0x10;
0034 759810     607            mov     _SCON0,#0x10
0037            608   ;        C:\Users\29778\OneDrive\Desktop\second_year\ELEC 291\lab4\elec_291_lab4\lab4.c:83: CKCON0 |= 0b_0000_0000 ; // Timer 1 uses the system clock divided by 12.
0037 858E8E     609            mov     _CKCON0,_CKCON0
003A            610   ;        C:\Users\29778\OneDrive\Desktop\second_year\ELEC 291\lab4\elec_291_lab4\lab4.c:84: TH1 = 0x100-((SYSCLK/BAUDRATE)/(2L*12L));
003A 758DE6     611            mov     _TH1,#0xE6
003D            612   ;        C:\Users\29778\OneDrive\Desktop\second_year\ELEC 291\lab4\elec_291_lab4\lab4.c:85: TL1 = TH1;      // Init Timer1
003D 858D8B     613            mov     _TL1,_TH1
0040            614   ;        C:\Users\29778\OneDrive\Desktop\second_year\ELEC 291\lab4\elec_291_lab4\lab4.c:86: TMOD &= ~0xf0;  // TMOD: timer 1 in 8-bit auto-reload
0040 53890F     615            anl     _TMOD,#0x0F
0043            616   ;        C:\Users\29778\OneDrive\Desktop\second_year\ELEC 291\lab4\elec_291_lab4\lab4.c:87: TMOD |=  0x20;                       
0043 438920     617            orl     _TMOD,#0x20
0046            618   ;        C:\Users\29778\OneDrive\Desktop\second_year\ELEC 291\lab4\elec_291_lab4\lab4.c:88: TR1 = 1; // START Timer1
0046 D28E       619            setb    _TR1
0048            620   ;        C:\Users\29778\OneDrive\Desktop\second_year\ELEC 291\lab4\elec_291_lab4\lab4.c:89: TI = 1;  // Indicate TX0 ready
0048 D299       621            setb    _TI
004A            622   ;        C:\Users\29778\OneDrive\Desktop\second_year\ELEC 291\lab4\elec_291_lab4\lab4.c:91: return 0;
004A 758200     623            mov     dpl,#0x00
004D 22         624            ret
004E            625   ;------------------------------------------------------------
004E            626   ;Allocation info for local variables in function 'Timer3us'
004E            627   ;------------------------------------------------------------
004E            628   ;us                        Allocated to registers r2 
004E            629   ;i                         Allocated to registers r3 
004E            630   ;------------------------------------------------------------
004E            631   ;        C:\Users\29778\OneDrive\Desktop\second_year\ELEC 291\lab4\elec_291_lab4\lab4.c:95: void Timer3us(unsigned char us)
004E            632   ;        -----------------------------------------
004E            633   ;         function Timer3us
004E            634   ;        -----------------------------------------
004E            635   _Timer3us:
004E AA82       636            mov     r2,dpl
0050            637   ;        C:\Users\29778\OneDrive\Desktop\second_year\ELEC 291\lab4\elec_291_lab4\lab4.c:100: CKCON0|=0b_0100_0000;
0050 438E40     638            orl     _CKCON0,#0x40
0053            639   ;        C:\Users\29778\OneDrive\Desktop\second_year\ELEC 291\lab4\elec_291_lab4\lab4.c:102: TMR3RL = (-(SYSCLK)/1000000L); // Set Timer3 to overflow in 1us.
0053 7592B8     640            mov     _TMR3RL,#0xB8
0056 7593FF     641            mov     (_TMR3RL >> 8),#0xFF
0059            642   ;        C:\Users\29778\OneDrive\Desktop\second_year\ELEC 291\lab4\elec_291_lab4\lab4.c:103: TMR3 = TMR3RL;                 // Initialize Timer3 for first overflow
0059 859294     643            mov     _TMR3,_TMR3RL
005C 859395     644            mov     (_TMR3 >> 8),(_TMR3RL >> 8)
005F            645   ;        C:\Users\29778\OneDrive\Desktop\second_year\ELEC 291\lab4\elec_291_lab4\lab4.c:105: TMR3CN0 = 0x04;                 // Sart Timer3 and clear overflow flag
005F 759104     646            mov     _TMR3CN0,#0x04
0062            647   ;        C:\Users\29778\OneDrive\Desktop\second_year\ELEC 291\lab4\elec_291_lab4\lab4.c:106: for (i = 0; i < us; i++)       // Count <us> overflows
0062 7B00       648            mov     r3,#0x00
0064            649   L003004?:
0064 C3         650            clr     c
0065 EB         651            mov     a,r3
0066 9A         652            subb    a,r2
0067 5000       653            jnc     L003007?
0069            654   ;        C:\Users\29778\OneDrive\Desktop\second_year\ELEC 291\lab4\elec_291_lab4\lab4.c:108: while (!(TMR3CN0 & 0x80));  // Wait for overflow
0069            655   L003001?:
0069 E591       656            mov     a,_TMR3CN0
006B 30E7A0     657            jnb     acc.7,L003001?
006E            658   ;        C:\Users\29778\OneDrive\Desktop\second_year\ELEC 291\lab4\elec_291_lab4\lab4.c:109: TMR3CN0 &= ~(0x80);         // Clear overflow indicator
006E 53917F     659            anl     _TMR3CN0,#0x7F
0071            660   ;        C:\Users\29778\OneDrive\Desktop\second_year\ELEC 291\lab4\elec_291_lab4\lab4.c:106: for (i = 0; i < us; i++)       // Count <us> overflows
0071 0B         661            inc     r3
0072 8000       662            sjmp    L003004?
0074            663   L003007?:
0074            664   ;        C:\Users\29778\OneDrive\Desktop\second_year\ELEC 291\lab4\elec_291_lab4\lab4.c:111: TMR3CN0 = 0 ;                   // Stop Timer3 and clear overflow flag
0074 759100     665            mov     _TMR3CN0,#0x00
0077 22         666            ret
0078            667   ;------------------------------------------------------------
0078            668   ;Allocation info for local variables in function 'waitms'
0078            669   ;------------------------------------------------------------
0078            670   ;ms                        Allocated to registers r2 r3 
0078            671   ;j                         Allocated to registers r2 r3 
0078            672   ;------------------------------------------------------------
0078            673   ;        C:\Users\29778\OneDrive\Desktop\second_year\ELEC 291\lab4\elec_291_lab4\lab4.c:114: void waitms (unsigned int ms)
0078            674   ;        -----------------------------------------
0078            675   ;         function waitms
0078            676   ;        -----------------------------------------
0078            677   _waitms:
0078 AA82       678            mov     r2,dpl
007A AB83       679            mov     r3,dph
007C            680   ;        C:\Users\29778\OneDrive\Desktop\second_year\ELEC 291\lab4\elec_291_lab4\lab4.c:117: for(j=ms; j!=0; j--)
007C            681   L004001?:
007C BA0060     682            cjne    r2,#0x00,L004010?
007F BB0060     683            cjne    r3,#0x00,L004010?
0082 22         684            ret
0083            685   L004010?:
0083            686   ;        C:\Users\29778\OneDrive\Desktop\second_year\ELEC 291\lab4\elec_291_lab4\lab4.c:119: Timer3us(249);
0083 7582F9     687            mov     dpl,#0xF9
0086 C002       688            push    ar2
0088 C003       689            push    ar3
008A 120000     690            lcall   _Timer3us
008D            691   ;        C:\Users\29778\OneDrive\Desktop\second_year\ELEC 291\lab4\elec_291_lab4\lab4.c:120: Timer3us(249);
008D 7582F9     692            mov     dpl,#0xF9
0090 120000     693            lcall   _Timer3us
0093            694   ;        C:\Users\29778\OneDrive\Desktop\second_year\ELEC 291\lab4\elec_291_lab4\lab4.c:121: Timer3us(249);
0093 7582F9     695            mov     dpl,#0xF9
0096 120000     696            lcall   _Timer3us
0099            697   ;        C:\Users\29778\OneDrive\Desktop\second_year\ELEC 291\lab4\elec_291_lab4\lab4.c:122: Timer3us(250);
0099 7582FA     698            mov     dpl,#0xFA
009C 120000     699            lcall   _Timer3us
009F D003       700            pop     ar3
00A1 D002       701            pop     ar2
00A3            702   ;        C:\Users\29778\OneDrive\Desktop\second_year\ELEC 291\lab4\elec_291_lab4\lab4.c:117: for(j=ms; j!=0; j--)
00A3 1A         703            dec     r2
00A4 BAFFA0     704            cjne    r2,#0xff,L004011?
00A7 1B         705            dec     r3
00A8            706   L004011?:
00A8 8000       707            sjmp    L004001?
00AA            708   ;------------------------------------------------------------
00AA            709   ;Allocation info for local variables in function 'TIMER0_Init'
00AA            710   ;------------------------------------------------------------
00AA            711   ;------------------------------------------------------------
00AA            712   ;        C:\Users\29778\OneDrive\Desktop\second_year\ELEC 291\lab4\elec_291_lab4\lab4.c:126: void TIMER0_Init(void)
00AA            713   ;        -----------------------------------------
00AA            714   ;         function TIMER0_Init
00AA            715   ;        -----------------------------------------
00AA            716   _TIMER0_Init:
00AA            717   ;        C:\Users\29778\OneDrive\Desktop\second_year\ELEC 291\lab4\elec_291_lab4\lab4.c:128: TMOD&=0b_1111_0000; // Set the bits of Timer/Counter 0 to zero
00AA 5389F0     718            anl     _TMOD,#0xF0
00AD            719   ;        C:\Users\29778\OneDrive\Desktop\second_year\ELEC 291\lab4\elec_291_lab4\lab4.c:129: TMOD|=0b_0000_0001; // Timer/Counter 0 used as a 16-bit timer
00AD 438901     720            orl     _TMOD,#0x01
00B0            721   ;        C:\Users\29778\OneDrive\Desktop\second_year\ELEC 291\lab4\elec_291_lab4\lab4.c:130: TR0=0; // Stop Timer/Counter 0
00B0 C28C       722            clr     _TR0
00B2 22         723            ret
00B3            724   ;------------------------------------------------------------
00B3            725   ;Allocation info for local variables in function 'LCD_pulse'
00B3            726   ;------------------------------------------------------------
00B3            727   ;------------------------------------------------------------
00B3            728   ;        C:\Users\29778\OneDrive\Desktop\second_year\ELEC 291\lab4\elec_291_lab4\lab4.c:133: void LCD_pulse (void)
00B3            729   ;        -----------------------------------------
00B3            730   ;         function LCD_pulse
00B3            731   ;        -----------------------------------------
00B3            732   _LCD_pulse:
00B3            733   ;        C:\Users\29778\OneDrive\Desktop\second_year\ELEC 291\lab4\elec_291_lab4\lab4.c:135: LCD_E=1;
00B3 D2A0       734            setb    _P2_0
00B5            735   ;        C:\Users\29778\OneDrive\Desktop\second_year\ELEC 291\lab4\elec_291_lab4\lab4.c:136: Timer3us(40);
00B5 758228     736            mov     dpl,#0x28
00B8 120000     737            lcall   _Timer3us
00BB            738   ;        C:\Users\29778\OneDrive\Desktop\second_year\ELEC 291\lab4\elec_291_lab4\lab4.c:137: LCD_E=0;
00BB C2A0       739            clr     _P2_0
00BD 22         740            ret
00BE            741   ;------------------------------------------------------------
00BE            742   ;Allocation info for local variables in function 'LCD_byte'
00BE            743   ;------------------------------------------------------------
00BE            744   ;x                         Allocated to registers r2 
00BE            745   ;------------------------------------------------------------
00BE            746   ;        C:\Users\29778\OneDrive\Desktop\second_year\ELEC 291\lab4\elec_291_lab4\lab4.c:140: void LCD_byte (unsigned char x)
00BE            747   ;        -----------------------------------------
00BE            748   ;         function LCD_byte
00BE            749   ;        -----------------------------------------
00BE            750   _LCD_byte:
00BE AA82       751            mov     r2,dpl
00C0            752   ;        C:\Users\29778\OneDrive\Desktop\second_year\ELEC 291\lab4\elec_291_lab4\lab4.c:143: ACC=x; //Send high nible
00C0 8AE0       753            mov     _ACC,r2
00C2            754   ;        C:\Users\29778\OneDrive\Desktop\second_year\ELEC 291\lab4\elec_291_lab4\lab4.c:144: LCD_D7=ACC_7;
00C2 A2E7       755            mov     c,_ACC_7
00C4 9290       756            mov     _P1_0,c
00C6            757   ;        C:\Users\29778\OneDrive\Desktop\second_year\ELEC 291\lab4\elec_291_lab4\lab4.c:145: LCD_D6=ACC_6;
00C6 A2E6       758            mov     c,_ACC_6
00C8 9291       759            mov     _P1_1,c
00CA            760   ;        C:\Users\29778\OneDrive\Desktop\second_year\ELEC 291\lab4\elec_291_lab4\lab4.c:146: LCD_D5=ACC_5;
00CA A2E5       761            mov     c,_ACC_5
00CC 9292       762            mov     _P1_2,c
00CE            763   ;        C:\Users\29778\OneDrive\Desktop\second_year\ELEC 291\lab4\elec_291_lab4\lab4.c:147: LCD_D4=ACC_4;
00CE A2E4       764            mov     c,_ACC_4
00D0 9293       765            mov     _P1_3,c
00D2            766   ;        C:\Users\29778\OneDrive\Desktop\second_year\ELEC 291\lab4\elec_291_lab4\lab4.c:148: LCD_pulse();
00D2 C002       767            push    ar2
00D4 120000     768            lcall   _LCD_pulse
00D7            769   ;        C:\Users\29778\OneDrive\Desktop\second_year\ELEC 291\lab4\elec_291_lab4\lab4.c:149: Timer3us(40);
00D7 758228     770            mov     dpl,#0x28
00DA 120000     771            lcall   _Timer3us
00DD D002       772            pop     ar2
00DF            773   ;        C:\Users\29778\OneDrive\Desktop\second_year\ELEC 291\lab4\elec_291_lab4\lab4.c:150: ACC=x; //Send low nible
00DF 8AE0       774            mov     _ACC,r2
00E1            775   ;        C:\Users\29778\OneDrive\Desktop\second_year\ELEC 291\lab4\elec_291_lab4\lab4.c:151: LCD_D7=ACC_3;
00E1 A2E3       776            mov     c,_ACC_3
00E3 9290       777            mov     _P1_0,c
00E5            778   ;        C:\Users\29778\OneDrive\Desktop\second_year\ELEC 291\lab4\elec_291_lab4\lab4.c:152: LCD_D6=ACC_2;
00E5 A2E2       779            mov     c,_ACC_2
00E7 9291       780            mov     _P1_1,c
00E9            781   ;        C:\Users\29778\OneDrive\Desktop\second_year\ELEC 291\lab4\elec_291_lab4\lab4.c:153: LCD_D5=ACC_1;
00E9 A2E1       782            mov     c,_ACC_1
00EB 9292       783            mov     _P1_2,c
00ED            784   ;        C:\Users\29778\OneDrive\Desktop\second_year\ELEC 291\lab4\elec_291_lab4\lab4.c:154: LCD_D4=ACC_0;
00ED A2E0       785            mov     c,_ACC_0
00EF 9293       786            mov     _P1_3,c
00F1            787   ;        C:\Users\29778\OneDrive\Desktop\second_year\ELEC 291\lab4\elec_291_lab4\lab4.c:155: LCD_pulse();
00F1 020000     788            ljmp    _LCD_pulse
00F4            789   ;------------------------------------------------------------
00F4            790   ;Allocation info for local variables in function 'WriteData'
00F4            791   ;------------------------------------------------------------
00F4            792   ;x                         Allocated to registers r2 
00F4            793   ;------------------------------------------------------------
00F4            794   ;        C:\Users\29778\OneDrive\Desktop\second_year\ELEC 291\lab4\elec_291_lab4\lab4.c:158: void WriteData (unsigned char x)
00F4            795   ;        -----------------------------------------
00F4            796   ;         function WriteData
00F4            797   ;        -----------------------------------------
00F4            798   _WriteData:
00F4 AA82       799            mov     r2,dpl
00F6            800   ;        C:\Users\29778\OneDrive\Desktop\second_year\ELEC 291\lab4\elec_291_lab4\lab4.c:160: LCD_RS=1;
00F6 D297       801            setb    _P1_7
00F8            802   ;        C:\Users\29778\OneDrive\Desktop\second_year\ELEC 291\lab4\elec_291_lab4\lab4.c:161: LCD_byte(x);
00F8 8A82       803            mov     dpl,r2
00FA 120000     804            lcall   _LCD_byte
00FD            805   ;        C:\Users\29778\OneDrive\Desktop\second_year\ELEC 291\lab4\elec_291_lab4\lab4.c:162: waitms(2);
00FD 900002     806            mov     dptr,#0x0002
0100 020000     807            ljmp    _waitms
0103            808   ;------------------------------------------------------------
0103            809   ;Allocation info for local variables in function 'WriteCommand'
0103            810   ;------------------------------------------------------------
0103            811   ;x                         Allocated to registers r2 
0103            812   ;------------------------------------------------------------
0103            813   ;        C:\Users\29778\OneDrive\Desktop\second_year\ELEC 291\lab4\elec_291_lab4\lab4.c:165: void WriteCommand (unsigned char x)
0103            814   ;        -----------------------------------------
0103            815   ;         function WriteCommand
0103            816   ;        -----------------------------------------
0103            817   _WriteCommand:
0103 AA82       818            mov     r2,dpl
0105            819   ;        C:\Users\29778\OneDrive\Desktop\second_year\ELEC 291\lab4\elec_291_lab4\lab4.c:167: LCD_RS=0;
0105 C297       820            clr     _P1_7
0107            821   ;        C:\Users\29778\OneDrive\Desktop\second_year\ELEC 291\lab4\elec_291_lab4\lab4.c:168: LCD_byte(x);
0107 8A82       822            mov     dpl,r2
0109 120000     823            lcall   _LCD_byte
010C            824   ;        C:\Users\29778\OneDrive\Desktop\second_year\ELEC 291\lab4\elec_291_lab4\lab4.c:169: waitms(5);
010C 900005     825            mov     dptr,#0x0005
010F 020000     826            ljmp    _waitms
0112            827   ;------------------------------------------------------------
0112            828   ;Allocation info for local variables in function 'LCD_4BIT'
0112            829   ;------------------------------------------------------------
0112            830   ;------------------------------------------------------------
0112            831   ;        C:\Users\29778\OneDrive\Desktop\second_year\ELEC 291\lab4\elec_291_lab4\lab4.c:172: void LCD_4BIT (void)
0112            832   ;        -----------------------------------------
0112            833   ;         function LCD_4BIT
0112            834   ;        -----------------------------------------
0112            835   _LCD_4BIT:
0112            836   ;        C:\Users\29778\OneDrive\Desktop\second_year\ELEC 291\lab4\elec_291_lab4\lab4.c:174: LCD_E=0; // Resting state of LCD's enable is zero
0112 C2A0       837            clr     _P2_0
0114            838   ;        C:\Users\29778\OneDrive\Desktop\second_year\ELEC 291\lab4\elec_291_lab4\lab4.c:176: waitms(20);
0114 900014     839            mov     dptr,#0x0014
0117 120000     840            lcall   _waitms
011A            841   ;        C:\Users\29778\OneDrive\Desktop\second_year\ELEC 291\lab4\elec_291_lab4\lab4.c:178: WriteCommand(0x33);
011A 758233     842            mov     dpl,#0x33
011D 120000     843            lcall   _WriteCommand
0120            844   ;        C:\Users\29778\OneDrive\Desktop\second_year\ELEC 291\lab4\elec_291_lab4\lab4.c:179: WriteCommand(0x33);
0120 758233     845            mov     dpl,#0x33
0123 120000     846            lcall   _WriteCommand
0126            847   ;        C:\Users\29778\OneDrive\Desktop\second_year\ELEC 291\lab4\elec_291_lab4\lab4.c:180: WriteCommand(0x32); // Change to 4-bit mode
0126 758232     848            mov     dpl,#0x32
0129 120000     849            lcall   _WriteCommand
012C            850   ;        C:\Users\29778\OneDrive\Desktop\second_year\ELEC 291\lab4\elec_291_lab4\lab4.c:183: WriteCommand(0x28);
012C 758228     851            mov     dpl,#0x28
012F 120000     852            lcall   _WriteCommand
0132            853   ;        C:\Users\29778\OneDrive\Desktop\second_year\ELEC 291\lab4\elec_291_lab4\lab4.c:184: WriteCommand(0x0c);
0132 75820C     854            mov     dpl,#0x0C
0135 120000     855            lcall   _WriteCommand
0138            856   ;        C:\Users\29778\OneDrive\Desktop\second_year\ELEC 291\lab4\elec_291_lab4\lab4.c:185: WriteCommand(0x01); // Clear screen command (takes some time)
0138 758201     857            mov     dpl,#0x01
013B 120000     858            lcall   _WriteCommand
013E            859   ;        C:\Users\29778\OneDrive\Desktop\second_year\ELEC 291\lab4\elec_291_lab4\lab4.c:186: waitms(20); // Wait for clear screen command to finsih.
013E 900014     860            mov     dptr,#0x0014
0141 020000     861            ljmp    _waitms
0144            862   ;------------------------------------------------------------
0144            863   ;Allocation info for local variables in function 'LCDprint'
0144            864   ;------------------------------------------------------------
0144            865   ;line                      Allocated with name '_LCDprint_PARM_2'
0144            866   ;string                    Allocated to registers r2 r3 r4 
0144            867   ;j                         Allocated to registers r5 r6 
0144            868   ;------------------------------------------------------------
0144            869   ;        C:\Users\29778\OneDrive\Desktop\second_year\ELEC 291\lab4\elec_291_lab4\lab4.c:189: void LCDprint(char * string, unsigned char line, bit clear)
0144            870   ;        -----------------------------------------
0144            871   ;         function LCDprint
0144            872   ;        -----------------------------------------
0144            873   _LCDprint:
0144 AA82       874            mov     r2,dpl
0146 AB83       875            mov     r3,dph
0148 ACF0       876            mov     r4,b
014A            877   ;        C:\Users\29778\OneDrive\Desktop\second_year\ELEC 291\lab4\elec_291_lab4\lab4.c:193: WriteCommand(line==2?0xc0:0x80);
014A 7402       878            mov     a,#0x02
014C B50020     879            cjne    a,_LCDprint_PARM_2,L011013?
014F 7DC0       880            mov     r5,#0xC0
0151 8000       881            sjmp    L011014?
0153            882   L011013?:
0153 7D80       883            mov     r5,#0x80
0155            884   L011014?:
0155 8D82       885            mov     dpl,r5
0157 C002       886            push    ar2
0159 C003       887            push    ar3
015B C004       888            push    ar4
015D 120000     889            lcall   _WriteCommand
0160            890   ;        C:\Users\29778\OneDrive\Desktop\second_year\ELEC 291\lab4\elec_291_lab4\lab4.c:194: waitms(5);
0160 900005     891            mov     dptr,#0x0005
0163 120000     892            lcall   _waitms
0166 D004       893            pop     ar4
0168 D003       894            pop     ar3
016A D002       895            pop     ar2
016C            896   ;        C:\Users\29778\OneDrive\Desktop\second_year\ELEC 291\lab4\elec_291_lab4\lab4.c:195: for(j=0; string[j]!=0; j++)         WriteData(string[j]);// Write the message
016C 7D00       897            mov     r5,#0x00
016E 7E00       898            mov     r6,#0x00
0170            899   L011003?:
0170 ED         900            mov     a,r5
0171 2A         901            add     a,r2
0172 FF         902            mov     r7,a
0173 EE         903            mov     a,r6
0174 3B         904            addc    a,r3
0175 F8         905            mov     r0,a
0176 8C01       906            mov     ar1,r4
0178 8F82       907            mov     dpl,r7
017A 8883       908            mov     dph,r0
017C 89F0       909            mov     b,r1
017E 120000     910            lcall   __gptrget
0181 FF         911            mov     r7,a
0182 6000       912            jz      L011006?
0184 8F82       913            mov     dpl,r7
0186 C002       914            push    ar2
0188 C003       915            push    ar3
018A C004       916            push    ar4
018C C005       917            push    ar5
018E C006       918            push    ar6
0190 120000     919            lcall   _WriteData
0193 D006       920            pop     ar6
0195 D005       921            pop     ar5
0197 D004       922            pop     ar4
0199 D003       923            pop     ar3
019B D002       924            pop     ar2
019D 0D         925            inc     r5
019E BD00A0     926            cjne    r5,#0x00,L011003?
01A1 0E         927            inc     r6
01A2 8000       928            sjmp    L011003?
01A4            929   L011006?:
01A4            930   ;        C:\Users\29778\OneDrive\Desktop\second_year\ELEC 291\lab4\elec_291_lab4\lab4.c:196: if(clear) for(; j<CHARS_PER_LINE; j++) WriteData(' '); // Clear the rest of the line
01A4 307060     931            jnb     _LCDprint_PARM_3,L011011?
01A7 8D02       932            mov     ar2,r5
01A9 8E03       933            mov     ar3,r6
01AB            934   L011007?:
01AB C3         935            clr     c
01AC EA         936            mov     a,r2
01AD 9410       937            subb    a,#0x10
01AF EB         938            mov     a,r3
01B0 6480       939            xrl     a,#0x80
01B2 9480       940            subb    a,#0x80
01B4 5000       941            jnc     L011011?
01B6 758220     942            mov     dpl,#0x20
01B9 C002       943            push    ar2
01BB C003       944            push    ar3
01BD 120000     945            lcall   _WriteData
01C0 D003       946            pop     ar3
01C2 D002       947            pop     ar2
01C4 0A         948            inc     r2
01C5 BA00A0     949            cjne    r2,#0x00,L011007?
01C8 0B         950            inc     r3
01C9 8000       951            sjmp    L011007?
01CB            952   L011011?:
01CB 22         953            ret
01CC            954   ;------------------------------------------------------------
01CC            955   ;Allocation info for local variables in function 'getsn'
01CC            956   ;------------------------------------------------------------
01CC            957   ;len                       Allocated with name '_getsn_PARM_2'
01CC            958   ;buff                      Allocated with name '_getsn_buff_1_45'
01CC            959   ;j                         Allocated with name '_getsn_sloc0_1_0'
01CC            960   ;c                         Allocated to registers r3 
01CC            961   ;sloc0                     Allocated with name '_getsn_sloc0_1_0'
01CC            962   ;------------------------------------------------------------
01CC            963   ;        C:\Users\29778\OneDrive\Desktop\second_year\ELEC 291\lab4\elec_291_lab4\lab4.c:199: int getsn (char * buff, int len)
01CC            964   ;        -----------------------------------------
01CC            965   ;         function getsn
01CC            966   ;        -----------------------------------------
01CC            967   _getsn:
01CC 858210     968            mov     _getsn_buff_1_45,dpl
01CF 858311     969            mov     (_getsn_buff_1_45 + 1),dph
01D2 85F012     970            mov     (_getsn_buff_1_45 + 2),b
01D5            971   ;        C:\Users\29778\OneDrive\Desktop\second_year\ELEC 291\lab4\elec_291_lab4\lab4.c:204: for(j=0; j<(len-1); j++)
01D5 E4         972            clr     a
01D6 F560       973            mov     _getsn_sloc0_1_0,a
01D8 F561       974            mov     (_getsn_sloc0_1_0 + 1),a
01DA E5B0       975            mov     a,_getsn_PARM_2
01DC 24FF       976            add     a,#0xff
01DE FF         977            mov     r7,a
01DF E5B1       978            mov     a,(_getsn_PARM_2 + 1)
01E1 34FF       979            addc    a,#0xff
01E3 F8         980            mov     r0,a
01E4 7900       981            mov     r1,#0x00
01E6 7A00       982            mov     r2,#0x00
01E8            983   L012005?:
01E8 C3         984            clr     c
01E9 E9         985            mov     a,r1
01EA 9F         986            subb    a,r7
01EB EA         987            mov     a,r2
01EC 6480       988            xrl     a,#0x80
01EE 88F0       989            mov     b,r0
01F0 63F080     990            xrl     b,#0x80
01F3 95F0       991            subb    a,b
01F5 5000       992            jnc     L012008?
01F7            993   ;        C:\Users\29778\OneDrive\Desktop\second_year\ELEC 291\lab4\elec_291_lab4\lab4.c:206: c=getchar();
01F7 C002       994            push    ar2
01F9 C007       995            push    ar7
01FB C000       996            push    ar0
01FD C001       997            push    ar1
01FF 120000     998            lcall   _getchar
0202 AB82       999            mov     r3,dpl
0204 D001      1000            pop     ar1
0206 D000      1001            pop     ar0
0208 D007      1002            pop     ar7
020A D002      1003            pop     ar2
020C           1004   ;        C:\Users\29778\OneDrive\Desktop\second_year\ELEC 291\lab4\elec_291_lab4\lab4.c:207: if ( (c=='\n') || (c=='\r') )
020C BB0AA0    1005            cjne    r3,#0x0A,L012015?
020F 8000      1006            sjmp    L012001?
0211           1007   L012015?:
0211 BB0D20    1008            cjne    r3,#0x0D,L012002?
0214           1009   L012001?:
0214           1010   ;        C:\Users\29778\OneDrive\Desktop\second_year\ELEC 291\lab4\elec_291_lab4\lab4.c:209: buff[j]=0;
0214 E560      1011            mov     a,_getsn_sloc0_1_0
0216 2510      1012            add     a,_getsn_buff_1_45
0218 FC        1013            mov     r4,a
0219 E561      1014            mov     a,(_getsn_sloc0_1_0 + 1)
021B 3511      1015            addc    a,(_getsn_buff_1_45 + 1)
021D FD        1016            mov     r5,a
021E AE12      1017            mov     r6,(_getsn_buff_1_45 + 2)
0220 8C82      1018            mov     dpl,r4
0222 8D83      1019            mov     dph,r5
0224 8EF0      1020            mov     b,r6
0226 E4        1021            clr     a
0227 120000    1022            lcall   __gptrput
022A           1023   ;        C:\Users\29778\OneDrive\Desktop\second_year\ELEC 291\lab4\elec_291_lab4\lab4.c:210: return j;
022A 856082    1024            mov     dpl,_getsn_sloc0_1_0
022D 856183    1025            mov     dph,(_getsn_sloc0_1_0 + 1)
0230 22        1026            ret
0231           1027   L012002?:
0231           1028   ;        C:\Users\29778\OneDrive\Desktop\second_year\ELEC 291\lab4\elec_291_lab4\lab4.c:214: buff[j]=c;
0231 E9        1029            mov     a,r1
0232 2510      1030            add     a,_getsn_buff_1_45
0234 FC        1031            mov     r4,a
0235 EA        1032            mov     a,r2
0236 3511      1033            addc    a,(_getsn_buff_1_45 + 1)
0238 FD        1034            mov     r5,a
0239 AE12      1035            mov     r6,(_getsn_buff_1_45 + 2)
023B 8C82      1036            mov     dpl,r4
023D 8D83      1037            mov     dph,r5
023F 8EF0      1038            mov     b,r6
0241 EB        1039            mov     a,r3
0242 120000    1040            lcall   __gptrput
0245           1041   ;        C:\Users\29778\OneDrive\Desktop\second_year\ELEC 291\lab4\elec_291_lab4\lab4.c:204: for(j=0; j<(len-1); j++)
0245 09        1042            inc     r1
0246 B900A0    1043            cjne    r1,#0x00,L012018?
0249 0A        1044            inc     r2
024A           1045   L012018?:
024A 8960      1046            mov     _getsn_sloc0_1_0,r1
024C 8A61      1047            mov     (_getsn_sloc0_1_0 + 1),r2
024E 8000      1048            sjmp    L012005?
0250           1049   L012008?:
0250           1050   ;        C:\Users\29778\OneDrive\Desktop\second_year\ELEC 291\lab4\elec_291_lab4\lab4.c:217: buff[j]=0;
0250 E560      1051            mov     a,_getsn_sloc0_1_0
0252 2510      1052            add     a,_getsn_buff_1_45
0254 FA        1053            mov     r2,a
0255 E561      1054            mov     a,(_getsn_sloc0_1_0 + 1)
0257 3511      1055            addc    a,(_getsn_buff_1_45 + 1)
0259 FB        1056            mov     r3,a
025A AC12      1057            mov     r4,(_getsn_buff_1_45 + 2)
025C 8A82      1058            mov     dpl,r2
025E 8B83      1059            mov     dph,r3
0260 8CF0      1060            mov     b,r4
0262 E4        1061            clr     a
0263 120000    1062            lcall   __gptrput
0266           1063   ;        C:\Users\29778\OneDrive\Desktop\second_year\ELEC 291\lab4\elec_291_lab4\lab4.c:218: return len;
0266 85B082    1064            mov     dpl,_getsn_PARM_2
0269 85B183    1065            mov     dph,(_getsn_PARM_2 + 1)
026C 22        1066            ret
026D           1067   ;------------------------------------------------------------
026D           1068   ;Allocation info for local variables in function 'main'
026D           1069   ;------------------------------------------------------------
026D           1070   ;period                    Allocated to registers r2 r3 r4 r5 
026D           1071   ;r1                        Allocated to registers 
026D           1072   ;r2                        Allocated to registers 
026D           1073   ;capacitance               Allocated to registers r6 r7 r0 r1 
026D           1074   ;buff                      Allocated with name '_main_buff_1_51'
026D           1075   ;------------------------------------------------------------
026D           1076   ;        C:\Users\29778\OneDrive\Desktop\second_year\ELEC 291\lab4\elec_291_lab4\lab4.c:221: void main (void) 
026D           1077   ;        -----------------------------------------
026D           1078   ;         function main
026D           1079   ;        -----------------------------------------
026D           1080   _main:
026D           1081   ;        C:\Users\29778\OneDrive\Desktop\second_year\ELEC 291\lab4\elec_291_lab4\lab4.c:229: TIMER0_Init();
026D 120000    1082            lcall   _TIMER0_Init
0270           1083   ;        C:\Users\29778\OneDrive\Desktop\second_year\ELEC 291\lab4\elec_291_lab4\lab4.c:231: LCD_4BIT();
0270 120000    1084            lcall   _LCD_4BIT
0273           1085   ;        C:\Users\29778\OneDrive\Desktop\second_year\ELEC 291\lab4\elec_291_lab4\lab4.c:233: waitms(500); // Give PuTTY a chance to start.
0273 9001F4    1086            mov     dptr,#0x01F4
0276 120000    1087            lcall   _waitms
0279           1088   ;        C:\Users\29778\OneDrive\Desktop\second_year\ELEC 291\lab4\elec_291_lab4\lab4.c:242: LCDprint("Capacitance:", 1, 1);
0279 750001    1089            mov     _LCDprint_PARM_2,#0x01
027C D270      1090            setb    _LCDprint_PARM_3
027E 90BBE0    1091            mov     dptr,#__str_0
0281 75F080    1092            mov     b,#0x80
0284 120000    1093            lcall   _LCDprint
0287           1094   ;        C:\Users\29778\OneDrive\Desktop\second_year\ELEC 291\lab4\elec_291_lab4\lab4.c:244: while (1)
0287           1095   L013018?:
0287           1096   ;        C:\Users\29778\OneDrive\Desktop\second_year\ELEC 291\lab4\elec_291_lab4\lab4.c:247: TL0=0; 
0287 758A00    1097            mov     _TL0,#0x00
028A           1098   ;        C:\Users\29778\OneDrive\Desktop\second_year\ELEC 291\lab4\elec_291_lab4\lab4.c:248: TH0=0;
028A 758C00    1099            mov     _TH0,#0x00
028D           1100   ;        C:\Users\29778\OneDrive\Desktop\second_year\ELEC 291\lab4\elec_291_lab4\lab4.c:249: TF0=0;
028D C28D      1101            clr     _TF0
028F           1102   ;        C:\Users\29778\OneDrive\Desktop\second_year\ELEC 291\lab4\elec_291_lab4\lab4.c:250: overflow_count=0;
028F 754000    1103            mov     _overflow_count,#0x00
0292           1104   ;        C:\Users\29778\OneDrive\Desktop\second_year\ELEC 291\lab4\elec_291_lab4\lab4.c:252: while(P0_1!=0); // Wait for the signal to be zero
0292           1105   L013001?:
0292 208160    1106            jb      _P0_1,L013001?
0295           1107   ;        C:\Users\29778\OneDrive\Desktop\second_year\ELEC 291\lab4\elec_291_lab4\lab4.c:253: while(P0_1!=1); // Wait for the signal to be one
0295           1108   L013004?:
0295 3081A0    1109            jnb     _P0_1,L013004?
0298           1110   ;        C:\Users\29778\OneDrive\Desktop\second_year\ELEC 291\lab4\elec_291_lab4\lab4.c:254: TR0=1; // Start the timer
0298 D28C      1111            setb    _TR0
029A           1112   ;        C:\Users\29778\OneDrive\Desktop\second_year\ELEC 291\lab4\elec_291_lab4\lab4.c:255: while(P0_1!=0) // Wait for the signal to be zero
029A           1113   L013009?:
029A 308120    1114            jnb     _P0_1,L013014?
029D           1115   ;        C:\Users\29778\OneDrive\Desktop\second_year\ELEC 291\lab4\elec_291_lab4\lab4.c:257: if(TF0==1) // Did the 16-bit timer overflow?
029D           1116   ;        C:\Users\29778\OneDrive\Desktop\second_year\ELEC 291\lab4\elec_291_lab4\lab4.c:259: TF0=0;
029D 108D60    1117            jbc     _TF0,L013035?
02A0 8000      1118            sjmp    L013009?
02A2           1119   L013035?:
02A2           1120   ;        C:\Users\29778\OneDrive\Desktop\second_year\ELEC 291\lab4\elec_291_lab4\lab4.c:260: overflow_count++;
02A2 0540      1121            inc     _overflow_count
02A4           1122   ;        C:\Users\29778\OneDrive\Desktop\second_year\ELEC 291\lab4\elec_291_lab4\lab4.c:263: while(P0_1!=1) // Wait for the signal to be one
02A4 8000      1123            sjmp    L013009?
02A6           1124   L013014?:
02A6 2081A0    1125            jb      _P0_1,L013016?
02A9           1126   ;        C:\Users\29778\OneDrive\Desktop\second_year\ELEC 291\lab4\elec_291_lab4\lab4.c:265: if(TF0==1) // Did the 16-bit timer overflow?
02A9           1127   ;        C:\Users\29778\OneDrive\Desktop\second_year\ELEC 291\lab4\elec_291_lab4\lab4.c:267: TF0=0;
02A9 108DE0    1128            jbc     _TF0,L013037?
02AC 8000      1129            sjmp    L013014?
02AE           1130   L013037?:
02AE           1131   ;        C:\Users\29778\OneDrive\Desktop\second_year\ELEC 291\lab4\elec_291_lab4\lab4.c:268: overflow_count++;
02AE 0540      1132            inc     _overflow_count
02B0 8000      1133            sjmp    L013014?
02B2           1134   L013016?:
02B2           1135   ;        C:\Users\29778\OneDrive\Desktop\second_year\ELEC 291\lab4\elec_291_lab4\lab4.c:271: TR0=0; // Stop timer 0, the 24-bit number [overflow_count-TH0-TL0] has the period!
02B2 C28C      1136            clr     _TR0
02B4           1137   ;        C:\Users\29778\OneDrive\Desktop\second_year\ELEC 291\lab4\elec_291_lab4\lab4.c:272: period=(overflow_count*65536.0+TH0*256.0+TL0)*(12.0/SYSCLK);
02B4 854082    1138            mov     dpl,_overflow_count
02B7 120000    1139            lcall   ___uchar2fs
02BA AA82      1140            mov     r2,dpl
02BC AB83      1141            mov     r3,dph
02BE ACF0      1142            mov     r4,b
02C0 FD        1143            mov     r5,a
02C1 C002      1144            push    ar2
02C3 C003      1145            push    ar3
02C5 C004      1146            push    ar4
02C7 C005      1147            push    ar5
02C9 900000    1148            mov     dptr,#0x0000
02CC 75F080    1149            mov     b,#0x80
02CF 7447      1150            mov     a,#0x47
02D1 120000    1151            lcall   ___fsmul
02D4 AA82      1152            mov     r2,dpl
02D6 AB83      1153            mov     r3,dph
02D8 ACF0      1154            mov     r4,b
02DA FD        1155            mov     r5,a
02DB E581      1156            mov     a,sp
02DD 24FC      1157            add     a,#0xfc
02DF F581      1158            mov     sp,a
02E1 858C82    1159            mov     dpl,_TH0
02E4 C002      1160            push    ar2
02E6 C003      1161            push    ar3
02E8 C004      1162            push    ar4
02EA C005      1163            push    ar5
02EC 120000    1164            lcall   ___uchar2fs
02EF AE82      1165            mov     r6,dpl
02F1 AF83      1166            mov     r7,dph
02F3 A8F0      1167            mov     r0,b
02F5 F9        1168            mov     r1,a
02F6 C006      1169            push    ar6
02F8 C007      1170            push    ar7
02FA C000      1171            push    ar0
02FC C001      1172            push    ar1
02FE 900000    1173            mov     dptr,#0x0000
0301 75F080    1174            mov     b,#0x80
0304 7443      1175            mov     a,#0x43
0306 120000    1176            lcall   ___fsmul
0309 AE82      1177            mov     r6,dpl
030B AF83      1178            mov     r7,dph
030D A8F0      1179            mov     r0,b
030F F9        1180            mov     r1,a
0310 E581      1181            mov     a,sp
0312 24FC      1182            add     a,#0xfc
0314 F581      1183            mov     sp,a
0316 D005      1184            pop     ar5
0318 D004      1185            pop     ar4
031A D003      1186            pop     ar3
031C D002      1187            pop     ar2
031E C006      1188            push    ar6
0320 C007      1189            push    ar7
0322 C000      1190            push    ar0
0324 C001      1191            push    ar1
0326 8A82      1192            mov     dpl,r2
0328 8B83      1193            mov     dph,r3
032A 8CF0      1194            mov     b,r4
032C ED        1195            mov     a,r5
032D 120000    1196            lcall   ___fsadd
0330 AA82      1197            mov     r2,dpl
0332 AB83      1198            mov     r3,dph
0334 ACF0      1199            mov     r4,b
0336 FD        1200            mov     r5,a
0337 E581      1201            mov     a,sp
0339 24FC      1202            add     a,#0xfc
033B F581      1203            mov     sp,a
033D AE8A      1204            mov     r6,_TL0
033F 7F00      1205            mov     r7,#0x00
0341 8E82      1206            mov     dpl,r6
0343 8F83      1207            mov     dph,r7
0345 C002      1208            push    ar2
0347 C003      1209            push    ar3
0349 C004      1210            push    ar4
034B C005      1211            push    ar5
034D 120000    1212            lcall   ___sint2fs
0350 AE82      1213            mov     r6,dpl
0352 AF83      1214            mov     r7,dph
0354 A8F0      1215            mov     r0,b
0356 F9        1216            mov     r1,a
0357 D005      1217            pop     ar5
0359 D004      1218            pop     ar4
035B D003      1219            pop     ar3
035D D002      1220            pop     ar2
035F C006      1221            push    ar6
0361 C007      1222            push    ar7
0363 C000      1223            push    ar0
0365 C001      1224            push    ar1
0367 8A82      1225            mov     dpl,r2
0369 8B83      1226            mov     dph,r3
036B 8CF0      1227            mov     b,r4
036D ED        1228            mov     a,r5
036E 120000    1229            lcall   ___fsadd
0371 AA82      1230            mov     r2,dpl
0373 AB83      1231            mov     r3,dph
0375 ACF0      1232            mov     r4,b
0377 FD        1233            mov     r5,a
0378 E581      1234            mov     a,sp
037A 24FC      1235            add     a,#0xfc
037C F581      1236            mov     sp,a
037E C002      1237            push    ar2
0380 C003      1238            push    ar3
0382 C004      1239            push    ar4
0384 C005      1240            push    ar5
0386 90F4FC    1241            mov     dptr,#0xF4FC
0389 75F032    1242            mov     b,#0x32
038C 7434      1243            mov     a,#0x34
038E 120000    1244            lcall   ___fsmul
0391 AA82      1245            mov     r2,dpl
0393 AB83      1246            mov     r3,dph
0395 ACF0      1247            mov     r4,b
0397 FD        1248            mov     r5,a
0398 E581      1249            mov     a,sp
039A 24FC      1250            add     a,#0xfc
039C F581      1251            mov     sp,a
039E           1252   ;        C:\Users\29778\OneDrive\Desktop\second_year\ELEC 291\lab4\elec_291_lab4\lab4.c:273: capacitance = period*1000000.0*1.44/(r1+2*r2);
039E C002      1253            push    ar2
03A0 C003      1254            push    ar3
03A2 C004      1255            push    ar4
03A4 C005      1256            push    ar5
03A6 C002      1257            push    ar2
03A8 C003      1258            push    ar3
03AA C004      1259            push    ar4
03AC C005      1260            push    ar5
03AE 90C800    1261            mov     dptr,#0xC800
03B1 75F0AF    1262            mov     b,#0xAF
03B4 7449      1263            mov     a,#0x49
03B6 120000    1264            lcall   ___fsmul
03B9 AE82      1265            mov     r6,dpl
03BB AF83      1266            mov     r7,dph
03BD A8F0      1267            mov     r0,b
03BF F9        1268            mov     r1,a
03C0 E581      1269            mov     a,sp
03C2 24FC      1270            add     a,#0xfc
03C4 F581      1271            mov     sp,a
03C6 E4        1272            clr     a
03C7 C0E0      1273            push    acc
03C9 7410      1274            mov     a,#0x10
03CB C0E0      1275            push    acc
03CD 746F      1276            mov     a,#0x6F
03CF C0E0      1277            push    acc
03D1 7446      1278            mov     a,#0x46
03D3 C0E0      1279            push    acc
03D5 8E82      1280            mov     dpl,r6
03D7 8F83      1281            mov     dph,r7
03D9 88F0      1282            mov     b,r0
03DB E9        1283            mov     a,r1
03DC 120000    1284            lcall   ___fsdiv
03DF AE82      1285            mov     r6,dpl
03E1 AF83      1286            mov     r7,dph
03E3 A8F0      1287            mov     r0,b
03E5 F9        1288            mov     r1,a
03E6 E581      1289            mov     a,sp
03E8 24FC      1290            add     a,#0xfc
03EA F581      1291            mov     sp,a
03EC D005      1292            pop     ar5
03EE D004      1293            pop     ar4
03F0 D003      1294            pop     ar3
03F2 D002      1295            pop     ar2
03F4           1296   ;        C:\Users\29778\OneDrive\Desktop\second_year\ELEC 291\lab4\elec_291_lab4\lab4.c:276: printf( "\rT=%f ms    \n", period*1000.0);
03F4 C006      1297            push    ar6
03F6 C007      1298            push    ar7
03F8 C000      1299            push    ar0
03FA C001      1300            push    ar1
03FC C002      1301            push    ar2
03FE C003      1302            push    ar3
0400 C004      1303            push    ar4
0402 C005      1304            push    ar5
0404 900000    1305            mov     dptr,#0x0000
0407 75F07A    1306            mov     b,#0x7A
040A 7444      1307            mov     a,#0x44
040C 120000    1308            lcall   ___fsmul
040F AA82      1309            mov     r2,dpl
0411 AB83      1310            mov     r3,dph
0413 ACF0      1311            mov     r4,b
0415 FD        1312            mov     r5,a
0416 E581      1313            mov     a,sp
0418 24FC      1314            add     a,#0xfc
041A F581      1315            mov     sp,a
041C C002      1316            push    ar2
041E C003      1317            push    ar3
0420 C004      1318            push    ar4
0422 C005      1319            push    ar5
0424 74A0      1320            mov     a,#__str_1
0426 C0E0      1321            push    acc
0428 74BF      1322            mov     a,#(__str_1 >> 8)
042A C0E0      1323            push    acc
042C 7480      1324            mov     a,#0x80
042E C0E0      1325            push    acc
0430 120000    1326            lcall   _printf
0433 E581      1327            mov     a,sp
0435 24F9      1328            add     a,#0xf9
0437 F581      1329            mov     sp,a
0439           1330   ;        C:\Users\29778\OneDrive\Desktop\second_year\ELEC 291\lab4\elec_291_lab4\lab4.c:277: waitms(500);
0439 9001F4    1331            mov     dptr,#0x01F4
043C 120000    1332            lcall   _waitms
043F D001      1333            pop     ar1
0441 D000      1334            pop     ar0
0443 D007      1335            pop     ar7
0445 D006      1336            pop     ar6
0447           1337   ;        C:\Users\29778\OneDrive\Desktop\second_year\ELEC 291\lab4\elec_291_lab4\lab4.c:278: printf("\r capacitance=%f uF\n", capacitance); //print in putty
0447 C006      1338            push    ar6
0449 C007      1339            push    ar7
044B C000      1340            push    ar0
044D C001      1341            push    ar1
044F C006      1342            push    ar6
0451 C007      1343            push    ar7
0453 C000      1344            push    ar0
0455 C001      1345            push    ar1
0457 7428      1346            mov     a,#__str_2
0459 C0E0      1347            push    acc
045B 74C0      1348            mov     a,#(__str_2 >> 8)
045D C0E0      1349            push    acc
045F 7480      1350            mov     a,#0x80
0461 C0E0      1351            push    acc
0463 120000    1352            lcall   _printf
0466 E581      1353            mov     a,sp
0468 24F9      1354            add     a,#0xf9
046A F581      1355            mov     sp,a
046C           1356   ;        C:\Users\29778\OneDrive\Desktop\second_year\ELEC 291\lab4\elec_291_lab4\lab4.c:279: sprintf(buff,"%f uF\n",capacitance);
046C 7468      1357            mov     a,#__str_3
046E C0E0      1358            push    acc
0470 74C0      1359            mov     a,#(__str_3 >> 8)
0472 C0E0      1360            push    acc
0474 7480      1361            mov     a,#0x80
0476 C0E0      1362            push    acc
0478 74A0      1363            mov     a,#_main_buff_1_51
047A C0E0      1364            push    acc
047C 74B4      1365            mov     a,#(_main_buff_1_51 >> 8)
047E C0E0      1366            push    acc
0480 7440      1367            mov     a,#0x40
0482 C0E0      1368            push    acc
0484 120000    1369            lcall   _sprintf
0487 E581      1370            mov     a,sp
0489 24F6      1371            add     a,#0xf6
048B F581      1372            mov     sp,a
048D           1373   ;        C:\Users\29778\OneDrive\Desktop\second_year\ELEC 291\lab4\elec_291_lab4\lab4.c:283: LCDprint(buff, 2, 1);
048D 750002    1374            mov     _LCDprint_PARM_2,#0x02
0490 D270      1375            setb    _LCDprint_PARM_3
0492 90B4A0    1376            mov     dptr,#_main_buff_1_51
0495 75F040    1377            mov     b,#0x40
0498 120000    1378            lcall   _LCDprint
049B 020000    1379            ljmp    L013018?
049E           1380            rseg R_CSEG
049E           1381   
0000           1382            rseg R_XINIT
0000           1383   
0000           1384            rseg R_CONST
0000           1385   __str_0:
0000 43617061  1386            db 'Capacitance:'
     63697461
     6E63653A
000C 00        1387            db 0x00
000D           1388   __str_1:
000D 0D        1389            db 0x0D
000E 543D2566  1390            db 'T=%f ms    '
     206D7320
     202020
0019 0A        1391            db 0x0A
001A 00        1392            db 0x00
001B           1393   __str_2:
001B 0D        1394            db 0x0D
001C 20636170  1395            db ' capacitance=%f uF'
     61636974
     616E6365
     3D256620
     7546
002E 0A        1396            db 0x0A
002F 00        1397            db 0x00
0030           1398   __str_3:
0030 25662075  1399            db '%f uF'
     46
0035 0A        1400            db 0x0A
0036 00        1401            db 0x00
0037           1402   
0003           1403            CSEG
0003           1404   
0003           1405   end
